Arguments: 
  /usr/local/bin/node /usr/local/Cellar/yarn/1.16.0/libexec/bin/yarn.js install

PATH: 
  /usr/local/bin:/usr/bin:/bin:/usr/sbin:/sbin

Yarn version: 
  1.16.0

Node version: 
  10.16.0

Platform: 
  darwin x64

Trace: 
  SyntaxError: /Users/flemmingmeyer/indexed/package.json: Unexpected token } in JSON at position 548
      at JSON.parse (<anonymous>)
      at /usr/local/Cellar/yarn/1.16.0/libexec/lib/cli.js:1625:59
      at Generator.next (<anonymous>)
      at step (/usr/local/Cellar/yarn/1.16.0/libexec/lib/cli.js:304:30)
      at /usr/local/Cellar/yarn/1.16.0/libexec/lib/cli.js:315:13

npm manifest: 
  {
    "name": "indexed",
    "version": "1.0.0",
    "main": "index.js",
    "license": "MIT",
    "scripts": {
      "start": "yarn run dev",
      "dev": "gulp dev & ELEVENTY_ENV=dev eleventy --serve",
      "build": "gulp build & ELEVENTY_ENV=prod eleventy"
    },
    "dependencies": {
      "@11ty/eleventy": "^0.9.0",
      "@11ty/eleventy-navigation": "^0.1.1",
      "gulp": "^4.0.0",
      "gulp-concat": "^2.6.1",
      "gulp-sass": "^4.0.2",
      "gulp-uglify-es": "^1.0.4",
      "html-minifier": "^3.5.21",
      "node-sass": "^4.12.0",
      "require-dir": "^1.2.0"
    },
  }

yarn manifest: 
  No manifest

Lockfile: 
  No lockfile
